<?xml version="1.0" encoding="utf-8"?><testsuites><testsuite name="pytest" errors="0" failures="0" skipped="0" tests="4" time="0.062" timestamp="2022-10-26T11:28:40.761827" hostname="11LAP5CG00129ZR"><testcase classname="prueba_test" name="test_constructor" time="0.001" /><testcase classname="prueba_test" name="test_constructor2" time="0.001" /><testcase classname="prueba_test" name="test_constructor3" time="0.001" /><testcase classname="prueba_test" name="test_constructor4" time="0.001" /></testsuite></testsuites>